[debug] [2026-01-27T17:17:57.622Z] ----------------------------------------------------------------------
[debug] [2026-01-27T17:17:57.628Z] Command:       C:\Program Files\nodejs\node.exe C:\Users\User\AppData\Roaming\npm\node_modules\firebase-tools\lib\bin\firebase.js deploy --only hosting
[debug] [2026-01-27T17:17:57.628Z] CLI Version:   15.3.1
[debug] [2026-01-27T17:17:57.628Z] Platform:      win32
[debug] [2026-01-27T17:17:57.628Z] Node Version:  v24.11.0
[debug] [2026-01-27T17:17:57.629Z] Time:          Tue Jan 27 2026 18:17:57 GMT+0100 (hora estándar de Europa central)
[debug] [2026-01-27T17:17:57.629Z] ----------------------------------------------------------------------
[debug] 
[debug] [2026-01-27T17:17:59.973Z] > command requires scopes: ["email","openid","https://www.googleapis.com/auth/cloudplatformprojects.readonly","https://www.googleapis.com/auth/firebase","https://www.googleapis.com/auth/cloud-platform"]
[debug] [2026-01-27T17:17:59.973Z] > authorizing via signed-in user (raulfdz3@gmail.com)
[debug] [2026-01-27T17:17:59.973Z] [iam] checking project xen-dance-erp for permissions ["firebase.projects.get","firebasehosting.sites.update"]
[debug] [2026-01-27T17:17:59.974Z] Checked if tokens are valid: false, expires at: 1769535128617
[debug] [2026-01-27T17:17:59.974Z] Checked if tokens are valid: false, expires at: 1769535128617
[debug] [2026-01-27T17:17:59.975Z] > refreshing access token with scopes: []
[debug] [2026-01-27T17:17:59.976Z] >>> [apiv2][query] POST https://www.googleapis.com/oauth2/v3/token [none]
[debug] [2026-01-27T17:17:59.976Z] >>> [apiv2][body] POST https://www.googleapis.com/oauth2/v3/token [omitted]
[debug] [2026-01-27T17:18:00.159Z] <<< [apiv2][status] POST https://www.googleapis.com/oauth2/v3/token 200
[debug] [2026-01-27T17:18:00.159Z] <<< [apiv2][body] POST https://www.googleapis.com/oauth2/v3/token [omitted]
[debug] [2026-01-27T17:18:00.184Z] >>> [apiv2][query] POST https://cloudresourcemanager.googleapis.com/v1/projects/xen-dance-erp:testIamPermissions [none]
[debug] [2026-01-27T17:18:00.184Z] >>> [apiv2][(partial)header] POST https://cloudresourcemanager.googleapis.com/v1/projects/xen-dance-erp:testIamPermissions x-goog-quota-user=projects/xen-dance-erp
[debug] [2026-01-27T17:18:00.184Z] >>> [apiv2][body] POST https://cloudresourcemanager.googleapis.com/v1/projects/xen-dance-erp:testIamPermissions {"permissions":["firebase.projects.get","firebasehosting.sites.update"]}
